/tmp/tmpXX73qivu.asm:
     1                          MODULE cclg_asm
     2                          LINE 0, "cclg.asm"
cclg.asm:
                                
     1                          ;
     2                          ;      Colour graphics routines
     3                          ;
     4                          ;      cls ()  -- clear screen
     5                          ;
     6                          ;      Stefano Bodrato - 2018
     7                          ;
     8                          ;
     9                          ;      $Id: cclg.asm $
    10                          ;
    11                          
    12                                  SECTION code_graphics
    13                                  PUBLIC  cclg
    14                                  PUBLIC  _cclg
    15                                  PUBLIC  ___cclg
    16                          
    17                                  EXTERN  clg
    18                          
    19                                  defc    cclg=clg
    20                                  defc    _cclg=cclg
    21                                  defc    ___cclg=cclg
    22                          
