/tmp/tmpXXRrcYzN.asm:
     1                          MODULE gfx_set_fatpix_asm
     2                          LINE 0, "gfx_set_fatpix.asm"
gfx_set_fatpix.asm:
                                
     1                          
     2                                  SECTION code_clib
     3                                  PUBLIC  gfx_set_fatpix
     4                                  PUBLIC  _gfx_set_fatpix
     5                                  PUBLIC  ___gfx_set_fatpix
     6                                  EXTERN  __gfx_fatpix
     7                          
     8                          ; void gfx_set_fatpix(int enable);
     9                          gfx_set_fatpix:
    10                          _gfx_set_fatpix:
    11                          ___gfx_set_fatpix:
    12  0000  c1                        pop     bc
    13  0001  e1                        pop     hl
    14  0002  e5                        push    hl
    15  0003  c5                        push    bc
    16  0004  7d                        ld      a, l
    17  0005  320000                    ld      (__gfx_fatpix), a
    18  0008  c9                        ret
    19                          
