/tmp/tmpXXAOggEX.asm:
     1                          MODULE lscroll_asm
     2                          LINE 0, "lscroll.asm"
lscroll.asm:
                                
     1                          ;Usage: void lscroll(int x, int y, int width, int height, int pixels)
     2                          
     3                            IF    !__CPU_GBZ80__&!__CPU_INTEL__
     4                          
     5                                  SECTION code_graphics
     6                                  PUBLIC  lscroll
     7                                  PUBLIC  _lscroll
     8                                  PUBLIC  ___lscroll
     9                          
    10                                  EXTERN  scroll_left
    11                          
    12                          
    13                          
    14                          lscroll:
    15                          _lscroll:
    16                          ___lscroll:
    17                                  push    ix
    18                                  ld      ix, 2
    19                                  add     ix, sp
    20                                  ld      a, (ix+2)
    21                                  ld      c, (ix+4)
    22                                  ld      b, (ix+6)
    23                                  ld      l, (ix+8)
    24                                  ld      h, (ix+10)
    25                                  pop     ix
    26                                  jp      scroll_left
    27                            ENDIF
    28                          
