/tmp/tmpXXS00Kzt.asm:
     1                          MODULE rbitmask_asm
     2                          LINE 0, "rbitmask.asm"
rbitmask.asm:
                                
     1                          
     2                                  SECTION code_graphics
     3                                  PUBLIC  rightbitmask
     4                          
     5                          ;
     6                          ;	$Id: rbitmask.asm,v 1.5 2016-04-13 21:09:09 dom Exp $
     7                          ;
     8                          
     9                          ; ************************************************************************
    10                          ;
    11                          ; Get right bitmask for rigth side of byte to preserve during clear
    12                          ;
    13                          ; Design & programming by Gunther Strube, Copyright (C) InterLogic 1995
    14                          ;
    15                          ; IN:  A = bitposition
    16                          ;
    17                          ; OUT: A = bitmask at right side of bit	position of byte
    18                          ;
    19                          ;	Example:
    20                          ;    	IN:	A = 6
    21                          ;    	OUT:	A = @00111111	(bit	5 - 0 as mask)
    22                          ;
    23                          ;	registers changed after return:
    24                          ;    ..bcdehl/ixiy	same
    25                          ;    af....../....	different
    26                          ;
    27                          
    28                          rightbitmask:
    29  0000  fe00                      cp      0                       ; 7-bitpos
    30  0002  c8                        ret     z                       ; no	bitmask to preserve...
    31  0003  c5                        push    bc
    32  0004  47                        ld      b, a
    33  0005  af                        xor     a
    34                          right_bitmask_loop:
    35  0006  37                        scf
    36  0007  17                        rla                             ; create right	bitmask
    37  0008  05c20600                  djnz    right_bitmask_loop
    38  000c  c1                        pop     bc
    39  000d  c9                        ret
    40                          
