/tmp/tmpXXruS3os.asm:
     1                          MODULE rscroll_asm
     2                          LINE 0, "rscroll.asm"
rscroll.asm:
                                
     1                          ; void rscroll(int x, int y, int width, int height, int pixels)
     2                          
     3                            IF    !__CPU_GBZ80__&!__CPU_INTEL__
     4                          
     5                                  SECTION code_graphics
     6                                  PUBLIC  rscroll
     7                                  PUBLIC  _rscroll
     8                                  PUBLIC  ___rscroll
     9                          
    10                                  EXTERN  scroll_right
    11                          
    12                          
    13                          rscroll:
    14                          _rscroll:
    15                          ___rscroll:
    16                                  push    ix
    17                                  ld      ix, 2
    18                                  add     ix, sp
    19                                  ld      a, (ix+2)
    20                                  ld      c, (ix+4)
    21                                  ld      b, (ix+6)
    22                                  ld      l, (ix+8)
    23                                  ld      h, (ix+10)
    24                                  pop     ix
    25                                  jp      scroll_right
    26                            ENDIF
    27                          
