/tmp/tmpXXgPkB2A.asm:
     1                          MODULE circle_asm
     2                          LINE 0, "circle.asm"
circle.asm:
                                
     1                          ; Usage: circle(int x, int y, int radius, int skip);
     2                          
     3                          
     4                            IF    !__CPU_INTEL__&!__CPU_GBZ80__
     5                                  SECTION code_graphics
     6                          
     7                                  PUBLIC  circle
     8                                  PUBLIC  _circle
     9                                  PUBLIC  ___circle
    10                          
    11                                  EXTERN  asm_circle
    12                          
    13                          
    14                          circle:
    15                          _circle:
    16                          ___circle:
    17                                  push    ix
    18                                  ld      ix, 2
    19                                  add     ix, sp
    20                                  ld      e, (ix+2)               ;skip
    21                                  ld      d, (ix+4)               ;radius
    22                                  ld      c, (ix+6)               ;y
    23                                  ld      b, (ix+8)               ;x
    24                                  jp      asm_circle
    25                            ENDIF
    26                          
