/tmp/tmpXXHstr7q.asm:
     1                          MODULE clga_asm
     2                          LINE 0, "clga.asm"
clga.asm:
                                
     1                          ;Usage: clga(int tlx, int tly, int tlx2, int tly2)
     2                          
     3                          
     4                            IF    !__CPU_INTEL__&!__CPU_GBZ80__
     5                                  SECTION code_graphics
     6                          
     7                                  PUBLIC  clga
     8                                  PUBLIC  _clga
     9                                  PUBLIC  ___clga
    10                          
    11                                  EXTERN  asm_clga
    12                          
    13                          clga:
    14                          _clga:
    15                          ___clga:
    16                                  push    ix
    17                                  ld      ix, 2
    18                                  add     ix, sp
    19                                  ld      c, (ix+2)
    20                                  ld      b, (ix+4)
    21                                  ld      l, (ix+6)
    22                                  ld      h, (ix+8)
    23                                  pop     ix
    24                                  jp      asm_clga
    25                            ENDIF
    26                          
