/tmp/tmpXXytOMWT.asm:
     1                          MODULE drawb_asm
     2                          LINE 0, "drawb.asm"
drawb.asm:
                                
     1                          ;
     2                          ;     Z88 Graphics Functions - Small C+ stubs
     3                          ;
     4                          ;     Written around the Interlogic Standard Library
     5                          ;
     6                          ;
     7                          ; ----- void __CALLEE__ drawb(int x, int y, int h, int v)
     8                          ;
     9                          ;    $Id: drawb.asm $
    10                          ;
    11                          
    12                          
    13                            IF    !__CPU_INTEL__&!__CPU_GBZ80__
    14                                  SECTION code_graphics
    15                          
    16                                  PUBLIC  drawb
    17                                  PUBLIC  _drawb
    18                                  PUBLIC  ___drawb
    19                          
    20                                  EXTERN  asm_drawb
    21                          
    22                          
    23                          drawb:
    24                          _drawb:
    25                          ___drawb:
    26                                  push    ix
    27                                  ld      ix, 2
    28                                  add     ix, sp
    29                                  ld      c, (ix+2)
    30                                  ld      b, (ix+4)
    31                                  ld      l, (ix+6)
    32                                  ld      h, (ix+8)
    33                                  pop     ix
    34                          
    35                                  jp      asm_drawb
    36                            ENDIF
    37                          
