/tmp/tmpXXGtlQfw.asm:
     1                          MODULE drawto_asm
     2                          LINE 0, "drawto.asm"
drawto.asm:
                                
     1                          ; ----- void  drawto(int x2, int y2)
     2                          
     3                            IF    !__CPU_INTEL__&!__CPU_GBZ80__
     4                                  SECTION code_graphics
     5                          
     6                                  PUBLIC  drawto
     7                                  PUBLIC  _drawto
     8                                  PUBLIC  ___drawto
     9                          
    10                                  EXTERN  asm_drawto
    11                          
    12                          drawto:
    13                          _drawto:
    14                          ___drawto:
    15                                  pop     af                      ; ret addr
    16                                  pop     de                      ; y2
    17                                  pop     hl
    18                                  push    hl
    19                                  push    de
    20                                  ld      d, l                    ; x2
    21                                  push    af                      ; ret addr
    22                                  jp      asm_drawto
    23                            ENDIF
    24                          
