/tmp/tmpXX5LxxN1.asm:
     1                          MODULE draw_asm
     2                          LINE 0, "draw.asm"
draw.asm:
                                
     1                          ; ----- void  draw(int x, int y, int x2, int y2)
     2                          
     3                          
     4                            IF    !__CPU_INTEL__&!__CPU_GBZ80__
     5                                  SECTION code_graphics
     6                          
     7                                  PUBLIC  draw
     8                                  PUBLIC  _draw
     9                                  PUBLIC  ___draw
    10                          
    11                                  EXTERN  asm_draw
    12                          
    13                          
    14                          draw:
    15                          _draw:
    16                          ___draw:
    17                                  push    ix
    18                                  ld      ix, 2
    19                                  add     ix, sp
    20                                  ld      l, (ix+6)               ;y0
    21                                  ld      h, (ix+8)               ;x0
    22                                  ld      e, (ix+2)               ;y1
    23                                  ld      d, (ix+4)               ;x1
    24                                  pop     ix
    25                                  jp      asm_draw
    26                          
    27                            ENDIF
    28                          
