/tmp/tmpXXgtlaT5.asm:
     1                          MODULE fill_asm
     2                          LINE 0, "fill.asm"
fill.asm:
                                
     1                          ;
     2                          ;     Z88DK Graphics Functions - Small C+ stubs
     3                          ;
     4                          ;     Fill stub - Stefano Bodrato 11/6/2000
     5                          ;
     6                          ;
     7                          ;    $Id: fill.asm,v 1.5 2016-04-13 21:09:09 dom Exp $
     8                          ;
     9                          
    10                          
    11                          ;Usage: fill(struct *pixel)
    12                          
    13                          
    14                            IF    !__CPU_INTEL__&!__CPU_GBZ80__
    15                                  SECTION code_graphics
    16                                  PUBLIC  fill
    17                                  PUBLIC  _fill
    18                                  PUBLIC  ___fill
    19                          
    20                                  EXTERN  do_fill
    21                                  EXTERN  swapgfxbk
    22                                  EXTERN  __graphics_end
    23                                  INCLUDE "graphics/grafix.inc"
    24                          
    25                          fill:
    26                          _fill:
    27                          ___fill:
    28                                  push    ix
    29                                  ld      ix, 2
    30                                  add     ix, sp
    31                                  ld      d, (ix+2)               ;y
    32                                  ld      e, (ix+4)               ;x
    33                              IF  NEED_swapgfxbk=1
    34                                  call    swapgfxbk
    35                              ENDIF
    36                                  call    do_fill
    37                              IF  NEED_swapgfxbk
    38                                  jp      __graphics_end
    39                              ELSE
    40                                IF    !__CPU_INTEL__&!__CPU_GBZ80__
    41                                  pop     ix
    42                                ENDIF
    43                                  ret
    44                              ENDIF
    45                            ENDIF
    46                          
