/tmp/tmpXXL5xoZI.asm:
     1                          MODULE multipoint_asm
     2                          LINE 0, "multipoint.asm"
multipoint.asm:
                                
     1                          ;
     2                          ;     Z88 Graphics Functions - Small C+ stubs
     3                          ;
     4                          ;     Stefano Bodrato 19/7/2007
     5                          ;
     6                          ;
     7                          ;     $Id: multipoint.asm $
     8                          ;
     9                          
    10                            IF    !__CPU_INTEL__&!__CPU_GBZ80__
    11                          ;
    12                          ; Pick a vertical or horizontal bit bar, up to 16 bits long
    13                          ;
    14                          ; Usage: multipoint(int hv, int length, int x, int y)
    15                          ;
    16                          
    17                          ; CALLER LINKAGE FOR FUNCTION POINTERS
    18                          
    19                          
    20                                  SECTION code_graphics
    21                                  PUBLIC  multipoint
    22                                  PUBLIC  _multipoint
    23                                  PUBLIC  ___multipoint
    24                          
    25                                  EXTERN  asm_multipoint
    26                          
    27                          
    28                          multipoint:
    29                          _multipoint:
    30                          ___multipoint:
    31                                  pop     af                      ; ret addr
    32                                  pop     hl                      ; y
    33                                  pop     de                      ; x
    34                                  ld      h, e
    35                                  pop     bc
    36                                  ld      b, c                    ; length
    37                                  pop     de
    38                                  ld      c, e                    ; h/v
    39                                  push    de
    40                                  push    bc                      ; just to re-balance the stack
    41                                  push    bc
    42                                  push    hl
    43                                  push    af                      ; ret addr
    44                                  jp      asm_multipoint
    45                            ENDIF
    46                          
