/tmp/tmpXXWmO5dS.asm:
     1                          MODULE point_asm
     2                          LINE 0, "point.asm"
point.asm:
                                
     1                          ; ----- int  point(int x, int y)
     2                          ;Result is true/false
     3                          
     4                                  SECTION code_graphics
     5                          
     6                                  PUBLIC  point
     7                                  PUBLIC  _point
     8                                  PUBLIC  ___point
     9                          
    10                                  EXTERN  asm_point
    11                          
    12                          point:
    13                          _point:
    14                          ___point:
    15                          
    16  0000  c1                        pop     bc                      ; ret addr
    17  0001  e1                        pop     hl                      ; y
    18  0002  d1                        pop     de
    19  0003  d5                        push    de
    20  0004  e5                        push    hl
    21  0005  63                        ld      h, e                    ; x
    22  0006  c5                        push    bc                      ; ret addr
    23  0007  c30000                    jp      asm_point
    24                          
    25                          
