/tmp/tmpXXPR4e9i.asm:
     1                          MODULE respixl_smc_asm
     2                          LINE 0, "respixl_smc.asm"
respixl_smc.asm:
                                
     1                          ;
     2                          ;     Generic graphics routines
     3                          ;    Self modifying code version
     4                          ;
     5                          ;     Stefano Bodrato - 4/1/2007
     6                          ;
     7                          ;
     8                          ;     Reset pixel at (x,y) coordinate.
     9                          ;
    10                          ;
    11                          ;    $Id: respixl_smc.asm,v 1.2 2015-01-19 01:32:46 pauloscustodio Exp $
    12                          ;
    13                          
    14                          
    15                                  PUBLIC  respixel
    16                          
    17                                  EXTERN  pixel
    18                                  EXTERN  pixmode
    19                          
    20                          respixel:
    21  0000  e5                        push    hl
    22  0001  212fa6                    ld      hl, 0A62Fh              ; CPL - AND (HL)
    23  0004  220000                    ld      (pixmode), hl
    24  0007  e1                        pop     hl
    25  0008  c30000                    jp      pixel
    26                          
