/tmp/tmpXXJ00jLl.asm:
     1                          MODULE setpos_asm
     2                          LINE 0, "setpos.asm"
setpos.asm:
                                
     1                          ; ----- void __CALLEE__ setpos(int x2, int y2)
     2                          
     3                                  SECTION code_graphics
     4                          
     5                                  PUBLIC  setpos
     6                                  PUBLIC  _setpos
     7                                  PUBLIC  ___setpos
     8                          
     9                                  EXTERN  asm_setpos
    10                          
    11                          
    12                          setpos:
    13                          _setpos:
    14                          ___setpos:
    15  0000  c1                        pop     bc                      ; ret addr
    16  0001  e1                        pop     hl
    17  0002  d1                        pop     de
    18  0003  d5                        push    de
    19  0004  e5                        push    hl
    20  0005  c5                        push    bc                      ; ret addr
    21  0006  c30000                    jp      asm_setpos
    22                          
    23                          
