/tmp/tmpXXiLUXtb.asm:
     1                          MODULE undrawto_asm
     2                          LINE 0, "undrawto.asm"
undrawto.asm:
                                
     1                          ; ----- void  undrawto(int x2, int y2)
     2                          
     3                            IF    !__CPU_INTEL__&!__CPU_GBZ80__
     4                                  SECTION code_graphics
     5                          
     6                                  PUBLIC  undrawto
     7                                  PUBLIC  _undrawto
     8                                  PUBLIC  ___undrawto
     9                          
    10                                  EXTERN  asm_undrawto
    11                          
    12                          
    13                          
    14                          undrawto:
    15                          _undrawto:
    16                          ___undrawto:
    17                                  pop     af                      ; ret addr
    18                                  pop     de                      ; y2
    19                                  pop     hl
    20                                  push    hl
    21                                  push    de
    22                                  ld      d, l                    ; x2
    23                                  push    af                      ; ret addr
    24                                  jp      asm_undrawto
    25                          
    26                            ENDIF
    27                          
