/tmp/tmpXXhhDgzx.asm:
     1                          MODULE undrawr_asm
     2                          LINE 0, "undrawr.asm"
undrawr.asm:
                                
     1                          ; CALLER LINKAGE FOR FUNCTION POINTERS
     2                          ; ----- void  undrawr(int x2, int y2)
     3                          
     4                          
     5                            IF    !__CPU_INTEL__&!__CPU_GBZ80__
     6                                  SECTION code_graphics
     7                          
     8                                  PUBLIC  undrawr
     9                                  PUBLIC  _undrawr
    10                                  PUBLIC  ___undrawr
    11                          
    12                                  EXTERN  asm_undrawr
    13                          
    14                          undrawr:
    15                          _undrawr:
    16                          ___undrawr:
    17                                  pop     af                      ; ret addr
    18                                  pop     de                      ; y
    19                                  pop     hl                      ; x
    20                                  push    hl
    21                                  push    de
    22                                  push    af                      ; ret addr
    23                                  jp      asm_undrawr
    24                            ENDIF
    25                          
