/tmp/tmpXXZuvUSt.asm:
     1                          MODULE undraw_asm
     2                          LINE 0, "undraw.asm"
undraw.asm:
                                
     1                          ; CALLER LINKAGE FOR FUNCTION POINTERS
     2                          ; ----- void  undraw(int x, int y, int x2, int y2)
     3                          
     4                          
     5                            IF    !__CPU_INTEL__&!__CPU_GBZ80__
     6                                  SECTION code_graphics
     7                          
     8                                  PUBLIC  undraw
     9                                  PUBLIC  _undraw
    10                                  PUBLIC  ___undraw
    11                          
    12                                  EXTERN  asm_undraw
    13                          
    14                          
    15                          undraw:
    16                          _undraw:
    17                          ___undraw:
    18                                  push    ix
    19                                  ld      ix, 2
    20                                  add     ix, sp
    21                                  ld      l, (ix+6)               ;y0
    22                                  ld      h, (ix+8)               ;x0
    23                                  ld      e, (ix+2)               ;y1
    24                                  ld      d, (ix+4)               ;x1
    25                                  pop     ix
    26                                  jp      asm_undraw
    27                          
    28                            ENDIF
    29                          
