/tmp/tmpXXet5nts.asm:
     1                          MODULE unplot_asm
     2                          LINE 0, "unplot.asm"
unplot.asm:
                                
     1                          ; ----- void  unplot(int x, int y)
     2                          
     3                          
     4                            IF    !__CPU_INTEL__&!__CPU_GBZ80__
     5                                  SECTION code_graphics
     6                          
     7                                  PUBLIC  unplot
     8                                  PUBLIC  _unplot
     9                                  PUBLIC  ___unplot
    10                          
    11                                  EXTERN  asm_unplot
    12                          
    13                          unplot:
    14                          _unplot:
    15                          ___unplot:
    16                                  pop     bc                      ; ret addr
    17                                  pop     hl                      ; y
    18                                  pop     de                      ; x
    19                                  push    de
    20                                  push    hl
    21                                  ld      h, e
    22                                  push    bc                      ; ret addr
    23                                  jp      asm_unplot
    24                            ENDIF
    25                          
