/tmp/tmpXXmegf0i.asm:
     1                          MODULE xorclga_asm
     2                          LINE 0, "xorclga.asm"
xorclga.asm:
                                
     1                          ;Usage: xorclga(struct *pixels)
     2                          
     3                            IF    !__CPU_INTEL__&!__CPU_GBZ80__
     4                          
     5                                  SECTION code_graphics
     6                          
     7                                  PUBLIC  xorclga
     8                                  PUBLIC  _xorclga
     9                                  PUBLIC  ___xorclga
    10                          
    11                                  EXTERN  asm_xorclga
    12                          
    13                          xorclga:
    14                          _xorclga:
    15                          ___xorclga:
    16                                  push    ix
    17                                  ld      ix, 2
    18                                  add     ix, sp
    19                                  ld      c, (ix+2)
    20                                  ld      b, (ix+4)
    21                                  ld      l, (ix+6)
    22                                  ld      h, (ix+8)
    23                                  pop     ix
    24                                  jp      asm_xorclga
    25                            ENDIF
    26                          
