/tmp/tmpXXwoGUT1.asm:
     1                          MODULE xordrawto_asm
     2                          LINE 0, "xordrawto.asm"
xordrawto.asm:
                                
     1                          ; ----- void  xordrawto(int x2, int y2)
     2                          
     3                          
     4                            IF    !__CPU_INTEL__&!__CPU_GBZ80__
     5                                  SECTION code_graphics
     6                          
     7                                  PUBLIC  xordrawto
     8                                  PUBLIC  _xordrawto
     9                                  PUBLIC  ___xordrawto
    10                          
    11                                  EXTERN  asm_xordrawto
    12                          
    13                          
    14                          xordrawto:
    15                          _xordrawto:
    16                          ___xordrawto:
    17                                  pop     af                      ; ret addr
    18                                  pop     de                      ; y2
    19                                  pop     hl
    20                                  push    hl
    21                                  push    de
    22                                  ld      d, l                    ; x2
    23                                  push    af                      ; ret addr
    24                                  jp      asm_xordrawto
    25                            ENDIF
    26                          
