/tmp/tmpXXuWpcPr.asm:
     1                          MODULE xorplot_asm
     2                          LINE 0, "xorplot.asm"
xorplot.asm:
                                
     1                          ; ----- void  xorplot(int x, int y)
     2                          
     3                          
     4                                  SECTION code_graphics
     5                          
     6                                  PUBLIC  xorplot
     7                                  PUBLIC  _xorplot
     8                                  PUBLIC  ___xorplot
     9                          
    10                                  EXTERN  asm_xorplot
    11                          
    12                          
    13                          xorplot:
    14                          _xorplot:
    15                          ___xorplot:
    16  0000  c1                        pop     bc                      ; ret addr
    17  0001  e1                        pop     hl                      ; y
    18  0002  d1                        pop     de                      ; x
    19  0003  d5                        push    de
    20  0004  e5                        push    hl
    21  0005  63                        ld      h, e
    22  0006  c5                        push    bc                      ; ret addr
    23  0007  c30000                    jp      asm_xorplot
    24                          
