/tmp/tmpXXoe6Zbp.asm:
     1                          MODULE psg_init_asm
     2                          LINE 0, "psg_init.asm"
psg_init.asm:
                                
     1                          ;
     2                          ;	SN76489 (a.k.a. SN76494,SN76496,TMS9919,SN94624) sound routines
     3                          ;	by Stefano Bodrato, 2018
     4                          ;
     5                          ;	int psg_init();
     6                          ;
     7                          ;	Play a sound by PSG
     8                          ;
     9                          ;
    10                          ;	$Id: psg_init.asm $
    11                          ;
    12                          
    13                          IF !__CPU_INTEL__ & !__CPU_RABBIT__ & !__CPU_GBZ80__
    14                                  SECTION code_clib
    15                          	PUBLIC	psg_init
    16                          	PUBLIC	_psg_init
    17                          	PUBLIC	___psg_init
    18                          
    19                          	INCLUDE	"sn76489.inc"
    20                          
    21                          psg_init:
    22                          _psg_init:
    23                          ___psg_init:
    24                          
    25                          	LD	BC,psgport
    26                          	LD	A,$9F
    27                          	OUT	(C),A
    28                          IF PSGLatchPort
    29                              in a,(PSGLatchPort)
    30                          ENDIF
    31                          	LD	A,$BF
    32                          IF PSGLatchPort
    33                              in a,(PSGLatchPort)
    34                          ENDIF
    35                          	OUT	(C),A
    36                          IF PSGLatchPort
    37                              in a,(PSGLatchPort)
    38                          ENDIF
    39                          	LD	A,$DF
    40                          	OUT	(C),A
    41                          IF PSGLatchPort
    42                              in a,(PSGLatchPort)
    43                          ENDIF
    44                              LD	A,$FF
    45                              OUT	(C),A
    46                          IF PSGLatchPort
    47                              in a,(PSGLatchPort)
    48                          ENDIF
    49                          	RET
    50                          ENDIF
    51                          
